<?xml version="1.0" encoding="UTF-8"?>
<testsuite xmlns:xsi="http://www.w3.org/2001/XMLSchema-instance" xsi:noNamespaceSchemaLocation="https://maven.apache.org/surefire/maven-surefire-plugin/xsd/surefire-test-report-3.0.xsd" version="3.0" name="com.example.boot_demo.BootDemoApplicationTests" time="5.301" tests="1" errors="0" skipped="0" failures="0">
  <properties>
    <property name="java.specification.version" value="19"/>
    <property name="sun.cpu.isalist" value="amd64"/>
    <property name="sun.jnu.encoding" value="GBK"/>
    <property name="java.class.path" value="F:\java web_summer\boot-demo\target\test-classes;F:\java web_summer\boot-demo\target\classes;D:\apache-maven-3.9.8-bin\warehouse\org\springframework\boot\spring-boot-starter-web\3.3.1\spring-boot-starter-web-3.3.1.jar;D:\apache-maven-3.9.8-bin\warehouse\org\springframework\boot\spring-boot-starter\3.3.1\spring-boot-starter-3.3.1.jar;D:\apache-maven-3.9.8-bin\warehouse\org\springframework\boot\spring-boot-starter-logging\3.3.1\spring-boot-starter-logging-3.3.1.jar;D:\apache-maven-3.9.8-bin\warehouse\ch\qos\logback\logback-classic\1.5.6\logback-classic-1.5.6.jar;D:\apache-maven-3.9.8-bin\warehouse\ch\qos\logback\logback-core\1.5.6\logback-core-1.5.6.jar;D:\apache-maven-3.9.8-bin\warehouse\org\apache\logging\log4j\log4j-to-slf4j\2.23.1\log4j-to-slf4j-2.23.1.jar;D:\apache-maven-3.9.8-bin\warehouse\org\apache\logging\log4j\log4j-api\2.23.1\log4j-api-2.23.1.jar;D:\apache-maven-3.9.8-bin\warehouse\org\slf4j\jul-to-slf4j\2.0.13\jul-to-slf4j-2.0.13.jar;D:\apache-maven-3.9.8-bin\warehouse\jakarta\annotation\jakarta.annotation-api\2.1.1\jakarta.annotation-api-2.1.1.jar;D:\apache-maven-3.9.8-bin\warehouse\org\yaml\snakeyaml\2.2\snakeyaml-2.2.jar;D:\apache-maven-3.9.8-bin\warehouse\org\springframework\boot\spring-boot-starter-json\3.3.1\spring-boot-starter-json-3.3.1.jar;D:\apache-maven-3.9.8-bin\warehouse\com\fasterxml\jackson\datatype\jackson-datatype-jdk8\2.17.1\jackson-datatype-jdk8-2.17.1.jar;D:\apache-maven-3.9.8-bin\warehouse\com\fasterxml\jackson\datatype\jackson-datatype-jsr310\2.17.1\jackson-datatype-jsr310-2.17.1.jar;D:\apache-maven-3.9.8-bin\warehouse\com\fasterxml\jackson\module\jackson-module-parameter-names\2.17.1\jackson-module-parameter-names-2.17.1.jar;D:\apache-maven-3.9.8-bin\warehouse\org\springframework\boot\spring-boot-starter-tomcat\3.3.1\spring-boot-starter-tomcat-3.3.1.jar;D:\apache-maven-3.9.8-bin\warehouse\org\apache\tomcat\embed\tomcat-embed-core\10.1.25\tomcat-embed-core-10.1.25.jar;D:\apache-maven-3.9.8-bin\warehouse\org\apache\tomcat\embed\tomcat-embed-el\10.1.25\tomcat-embed-el-10.1.25.jar;D:\apache-maven-3.9.8-bin\warehouse\org\apache\tomcat\embed\tomcat-embed-websocket\10.1.25\tomcat-embed-websocket-10.1.25.jar;D:\apache-maven-3.9.8-bin\warehouse\org\springframework\spring-web\6.1.10\spring-web-6.1.10.jar;D:\apache-maven-3.9.8-bin\warehouse\org\springframework\spring-beans\6.1.10\spring-beans-6.1.10.jar;D:\apache-maven-3.9.8-bin\warehouse\io\micrometer\micrometer-observation\1.13.1\micrometer-observation-1.13.1.jar;D:\apache-maven-3.9.8-bin\warehouse\io\micrometer\micrometer-commons\1.13.1\micrometer-commons-1.13.1.jar;D:\apache-maven-3.9.8-bin\warehouse\org\springframework\spring-webmvc\6.1.10\spring-webmvc-6.1.10.jar;D:\apache-maven-3.9.8-bin\warehouse\org\springframework\spring-aop\6.1.10\spring-aop-6.1.10.jar;D:\apache-maven-3.9.8-bin\warehouse\org\springframework\spring-context\6.1.10\spring-context-6.1.10.jar;D:\apache-maven-3.9.8-bin\warehouse\org\springframework\spring-expression\6.1.10\spring-expression-6.1.10.jar;D:\apache-maven-3.9.8-bin\warehouse\com\mysql\mysql-connector-j\8.3.0\mysql-connector-j-8.3.0.jar;D:\apache-maven-3.9.8-bin\warehouse\org\springframework\boot\spring-boot-starter-test\3.3.1\spring-boot-starter-test-3.3.1.jar;D:\apache-maven-3.9.8-bin\warehouse\org\springframework\boot\spring-boot-test-autoconfigure\3.3.1\spring-boot-test-autoconfigure-3.3.1.jar;D:\apache-maven-3.9.8-bin\warehouse\com\jayway\jsonpath\json-path\2.9.0\json-path-2.9.0.jar;D:\apache-maven-3.9.8-bin\warehouse\jakarta\xml\bind\jakarta.xml.bind-api\4.0.2\jakarta.xml.bind-api-4.0.2.jar;D:\apache-maven-3.9.8-bin\warehouse\jakarta\activation\jakarta.activation-api\2.1.3\jakarta.activation-api-2.1.3.jar;D:\apache-maven-3.9.8-bin\warehouse\net\minidev\json-smart\2.5.1\json-smart-2.5.1.jar;D:\apache-maven-3.9.8-bin\warehouse\net\minidev\accessors-smart\2.5.1\accessors-smart-2.5.1.jar;D:\apache-maven-3.9.8-bin\warehouse\org\ow2\asm\asm\9.6\asm-9.6.jar;D:\apache-maven-3.9.8-bin\warehouse\org\assertj\assertj-core\3.25.3\assertj-core-3.25.3.jar;D:\apache-maven-3.9.8-bin\warehouse\net\bytebuddy\byte-buddy\1.14.17\byte-buddy-1.14.17.jar;D:\apache-maven-3.9.8-bin\warehouse\org\awaitility\awaitility\4.2.1\awaitility-4.2.1.jar;D:\apache-maven-3.9.8-bin\warehouse\org\hamcrest\hamcrest\2.2\hamcrest-2.2.jar;D:\apache-maven-3.9.8-bin\warehouse\org\junit\jupiter\junit-jupiter\5.10.2\junit-jupiter-5.10.2.jar;D:\apache-maven-3.9.8-bin\warehouse\org\junit\jupiter\junit-jupiter-api\5.10.2\junit-jupiter-api-5.10.2.jar;D:\apache-maven-3.9.8-bin\warehouse\org\opentest4j\opentest4j\1.3.0\opentest4j-1.3.0.jar;D:\apache-maven-3.9.8-bin\warehouse\org\junit\platform\junit-platform-commons\1.10.2\junit-platform-commons-1.10.2.jar;D:\apache-maven-3.9.8-bin\warehouse\org\apiguardian\apiguardian-api\1.1.2\apiguardian-api-1.1.2.jar;D:\apache-maven-3.9.8-bin\warehouse\org\junit\jupiter\junit-jupiter-params\5.10.2\junit-jupiter-params-5.10.2.jar;D:\apache-maven-3.9.8-bin\warehouse\org\junit\jupiter\junit-jupiter-engine\5.10.2\junit-jupiter-engine-5.10.2.jar;D:\apache-maven-3.9.8-bin\warehouse\org\junit\platform\junit-platform-engine\1.10.2\junit-platform-engine-1.10.2.jar;D:\apache-maven-3.9.8-bin\warehouse\org\mockito\mockito-core\5.11.0\mockito-core-5.11.0.jar;D:\apache-maven-3.9.8-bin\warehouse\net\bytebuddy\byte-buddy-agent\1.14.17\byte-buddy-agent-1.14.17.jar;D:\apache-maven-3.9.8-bin\warehouse\org\objenesis\objenesis\3.3\objenesis-3.3.jar;D:\apache-maven-3.9.8-bin\warehouse\org\mockito\mockito-junit-jupiter\5.11.0\mockito-junit-jupiter-5.11.0.jar;D:\apache-maven-3.9.8-bin\warehouse\org\skyscreamer\jsonassert\1.5.1\jsonassert-1.5.1.jar;D:\apache-maven-3.9.8-bin\warehouse\com\vaadin\external\google\android-json\0.0.20131108.vaadin1\android-json-0.0.20131108.vaadin1.jar;D:\apache-maven-3.9.8-bin\warehouse\org\springframework\spring-core\6.1.10\spring-core-6.1.10.jar;D:\apache-maven-3.9.8-bin\warehouse\org\springframework\spring-jcl\6.1.10\spring-jcl-6.1.10.jar;D:\apache-maven-3.9.8-bin\warehouse\org\springframework\spring-test\6.1.10\spring-test-6.1.10.jar;D:\apache-maven-3.9.8-bin\warehouse\org\xmlunit\xmlunit-core\2.9.1\xmlunit-core-2.9.1.jar;D:\apache-maven-3.9.8-bin\warehouse\org\springframework\boot\spring-boot-devtools\3.3.1\spring-boot-devtools-3.3.1.jar;D:\apache-maven-3.9.8-bin\warehouse\org\springframework\boot\spring-boot\3.3.1\spring-boot-3.3.1.jar;D:\apache-maven-3.9.8-bin\warehouse\org\springframework\boot\spring-boot-autoconfigure\3.3.1\spring-boot-autoconfigure-3.3.1.jar;D:\apache-maven-3.9.8-bin\warehouse\com\baomidou\mybatis-plus-spring-boot3-starter\3.5.7\mybatis-plus-spring-boot3-starter-3.5.7.jar;D:\apache-maven-3.9.8-bin\warehouse\com\baomidou\mybatis-plus\3.5.7\mybatis-plus-3.5.7.jar;D:\apache-maven-3.9.8-bin\warehouse\com\baomidou\mybatis-plus-core\3.5.7\mybatis-plus-core-3.5.7.jar;D:\apache-maven-3.9.8-bin\warehouse\com\baomidou\mybatis-plus-annotation\3.5.7\mybatis-plus-annotation-3.5.7.jar;D:\apache-maven-3.9.8-bin\warehouse\com\baomidou\mybatis-plus-extension\3.5.7\mybatis-plus-extension-3.5.7.jar;D:\apache-maven-3.9.8-bin\warehouse\org\mybatis\mybatis\3.5.16\mybatis-3.5.16.jar;D:\apache-maven-3.9.8-bin\warehouse\com\github\jsqlparser\jsqlparser\4.9\jsqlparser-4.9.jar;D:\apache-maven-3.9.8-bin\warehouse\org\mybatis\mybatis-spring\3.0.3\mybatis-spring-3.0.3.jar;D:\apache-maven-3.9.8-bin\warehouse\com\baomidou\mybatis-plus-spring-boot-autoconfigure\3.5.7\mybatis-plus-spring-boot-autoconfigure-3.5.7.jar;D:\apache-maven-3.9.8-bin\warehouse\org\springframework\boot\spring-boot-starter-jdbc\3.3.1\spring-boot-starter-jdbc-3.3.1.jar;D:\apache-maven-3.9.8-bin\warehouse\com\zaxxer\HikariCP\5.1.0\HikariCP-5.1.0.jar;D:\apache-maven-3.9.8-bin\warehouse\org\springframework\spring-jdbc\6.1.10\spring-jdbc-6.1.10.jar;D:\apache-maven-3.9.8-bin\warehouse\com\github\jeffreyning\mybatisplus-plus\1.5.1-RELEASE\mybatisplus-plus-1.5.1-RELEASE.jar;D:\apache-maven-3.9.8-bin\warehouse\com\alibaba\druid-spring-boot-starter\1.1.20\druid-spring-boot-starter-1.1.20.jar;D:\apache-maven-3.9.8-bin\warehouse\com\alibaba\druid\1.1.20\druid-1.1.20.jar;D:\apache-maven-3.9.8-bin\warehouse\org\slf4j\slf4j-api\2.0.13\slf4j-api-2.0.13.jar;D:\apache-maven-3.9.8-bin\warehouse\org\mindrot\jbcrypt\0.4\jbcrypt-0.4.jar;D:\apache-maven-3.9.8-bin\warehouse\commons-codec\commons-codec\1.15\commons-codec-1.15.jar;D:\apache-maven-3.9.8-bin\warehouse\org\projectlombok\lombok\1.18.20\lombok-1.18.20.jar;D:\apache-maven-3.9.8-bin\warehouse\com\google\code\gson\gson\2.8.8\gson-2.8.8.jar;D:\apache-maven-3.9.8-bin\warehouse\com\auth0\java-jwt\4.4.0\java-jwt-4.4.0.jar;D:\apache-maven-3.9.8-bin\warehouse\com\fasterxml\jackson\core\jackson-databind\2.17.1\jackson-databind-2.17.1.jar;D:\apache-maven-3.9.8-bin\warehouse\com\fasterxml\jackson\core\jackson-annotations\2.17.1\jackson-annotations-2.17.1.jar;D:\apache-maven-3.9.8-bin\warehouse\com\fasterxml\jackson\core\jackson-core\2.17.1\jackson-core-2.17.1.jar;D:\apache-maven-3.9.8-bin\warehouse\junit\junit\4.13.2\junit-4.13.2.jar;D:\apache-maven-3.9.8-bin\warehouse\org\hamcrest\hamcrest-core\2.2\hamcrest-core-2.2.jar;D:\apache-maven-3.9.8-bin\warehouse\org\springframework\boot\spring-boot-starter-data-redis\3.3.1\spring-boot-starter-data-redis-3.3.1.jar;D:\apache-maven-3.9.8-bin\warehouse\io\lettuce\lettuce-core\6.3.2.RELEASE\lettuce-core-6.3.2.RELEASE.jar;D:\apache-maven-3.9.8-bin\warehouse\io\netty\netty-common\4.1.111.Final\netty-common-4.1.111.Final.jar;D:\apache-maven-3.9.8-bin\warehouse\io\netty\netty-handler\4.1.111.Final\netty-handler-4.1.111.Final.jar;D:\apache-maven-3.9.8-bin\warehouse\io\netty\netty-resolver\4.1.111.Final\netty-resolver-4.1.111.Final.jar;D:\apache-maven-3.9.8-bin\warehouse\io\netty\netty-buffer\4.1.111.Final\netty-buffer-4.1.111.Final.jar;D:\apache-maven-3.9.8-bin\warehouse\io\netty\netty-transport-native-unix-common\4.1.111.Final\netty-transport-native-unix-common-4.1.111.Final.jar;D:\apache-maven-3.9.8-bin\warehouse\io\netty\netty-codec\4.1.111.Final\netty-codec-4.1.111.Final.jar;D:\apache-maven-3.9.8-bin\warehouse\io\netty\netty-transport\4.1.111.Final\netty-transport-4.1.111.Final.jar;D:\apache-maven-3.9.8-bin\warehouse\io\projectreactor\reactor-core\3.6.7\reactor-core-3.6.7.jar;D:\apache-maven-3.9.8-bin\warehouse\org\reactivestreams\reactive-streams\1.0.4\reactive-streams-1.0.4.jar;D:\apache-maven-3.9.8-bin\warehouse\org\springframework\data\spring-data-redis\3.3.1\spring-data-redis-3.3.1.jar;D:\apache-maven-3.9.8-bin\warehouse\org\springframework\data\spring-data-keyvalue\3.3.1\spring-data-keyvalue-3.3.1.jar;D:\apache-maven-3.9.8-bin\warehouse\org\springframework\data\spring-data-commons\3.3.1\spring-data-commons-3.3.1.jar;D:\apache-maven-3.9.8-bin\warehouse\org\springframework\spring-tx\6.1.10\spring-tx-6.1.10.jar;D:\apache-maven-3.9.8-bin\warehouse\org\springframework\spring-oxm\6.1.10\spring-oxm-6.1.10.jar;D:\apache-maven-3.9.8-bin\warehouse\org\springframework\spring-context-support\6.1.10\spring-context-support-6.1.10.jar;D:\apache-maven-3.9.8-bin\warehouse\org\testng\testng\7.10.2\testng-7.10.2.jar;D:\apache-maven-3.9.8-bin\warehouse\com\beust\jcommander\1.82\jcommander-1.82.jar;D:\apache-maven-3.9.8-bin\warehouse\org\webjars\jquery\3.7.1\jquery-3.7.1.jar;D:\apache-maven-3.9.8-bin\warehouse\org\springframework\boot\spring-boot-test\3.3.1\spring-boot-test-3.3.1.jar;"/>
    <property name="java.vm.vendor" value="Oracle Corporation"/>
    <property name="sun.arch.data.model" value="64"/>
    <property name="user.variant" value=""/>
    <property name="java.vendor.url" value="https://java.oracle.com/"/>
    <property name="user.timezone" value="Asia/Shanghai"/>
    <property name="os.name" value="Windows 11"/>
    <property name="java.vm.specification.version" value="19"/>
    <property name="sun.java.launcher" value="SUN_STANDARD"/>
    <property name="user.country" value="CN"/>
    <property name="sun.boot.library.path" value="E:\JDK\bin"/>
    <property name="sun.java.command" value="C:\Users\战66\AppData\Local\Temp\surefire9068995773714232342\surefirebooter-20240725082526550_3.jar C:\Users\战66\AppData\Local\Temp\surefire9068995773714232342 2024-07-25T08-25-26_451-jvmRun1 surefire-20240725082526550_1tmp surefire_0-20240725082526550_2tmp"/>
    <property name="jdk.debug" value="release"/>
    <property name="surefire.test.class.path" value="F:\java web_summer\boot-demo\target\test-classes;F:\java web_summer\boot-demo\target\classes;D:\apache-maven-3.9.8-bin\warehouse\org\springframework\boot\spring-boot-starter-web\3.3.1\spring-boot-starter-web-3.3.1.jar;D:\apache-maven-3.9.8-bin\warehouse\org\springframework\boot\spring-boot-starter\3.3.1\spring-boot-starter-3.3.1.jar;D:\apache-maven-3.9.8-bin\warehouse\org\springframework\boot\spring-boot-starter-logging\3.3.1\spring-boot-starter-logging-3.3.1.jar;D:\apache-maven-3.9.8-bin\warehouse\ch\qos\logback\logback-classic\1.5.6\logback-classic-1.5.6.jar;D:\apache-maven-3.9.8-bin\warehouse\ch\qos\logback\logback-core\1.5.6\logback-core-1.5.6.jar;D:\apache-maven-3.9.8-bin\warehouse\org\apache\logging\log4j\log4j-to-slf4j\2.23.1\log4j-to-slf4j-2.23.1.jar;D:\apache-maven-3.9.8-bin\warehouse\org\apache\logging\log4j\log4j-api\2.23.1\log4j-api-2.23.1.jar;D:\apache-maven-3.9.8-bin\warehouse\org\slf4j\jul-to-slf4j\2.0.13\jul-to-slf4j-2.0.13.jar;D:\apache-maven-3.9.8-bin\warehouse\jakarta\annotation\jakarta.annotation-api\2.1.1\jakarta.annotation-api-2.1.1.jar;D:\apache-maven-3.9.8-bin\warehouse\org\yaml\snakeyaml\2.2\snakeyaml-2.2.jar;D:\apache-maven-3.9.8-bin\warehouse\org\springframework\boot\spring-boot-starter-json\3.3.1\spring-boot-starter-json-3.3.1.jar;D:\apache-maven-3.9.8-bin\warehouse\com\fasterxml\jackson\datatype\jackson-datatype-jdk8\2.17.1\jackson-datatype-jdk8-2.17.1.jar;D:\apache-maven-3.9.8-bin\warehouse\com\fasterxml\jackson\datatype\jackson-datatype-jsr310\2.17.1\jackson-datatype-jsr310-2.17.1.jar;D:\apache-maven-3.9.8-bin\warehouse\com\fasterxml\jackson\module\jackson-module-parameter-names\2.17.1\jackson-module-parameter-names-2.17.1.jar;D:\apache-maven-3.9.8-bin\warehouse\org\springframework\boot\spring-boot-starter-tomcat\3.3.1\spring-boot-starter-tomcat-3.3.1.jar;D:\apache-maven-3.9.8-bin\warehouse\org\apache\tomcat\embed\tomcat-embed-core\10.1.25\tomcat-embed-core-10.1.25.jar;D:\apache-maven-3.9.8-bin\warehouse\org\apache\tomcat\embed\tomcat-embed-el\10.1.25\tomcat-embed-el-10.1.25.jar;D:\apache-maven-3.9.8-bin\warehouse\org\apache\tomcat\embed\tomcat-embed-websocket\10.1.25\tomcat-embed-websocket-10.1.25.jar;D:\apache-maven-3.9.8-bin\warehouse\org\springframework\spring-web\6.1.10\spring-web-6.1.10.jar;D:\apache-maven-3.9.8-bin\warehouse\org\springframework\spring-beans\6.1.10\spring-beans-6.1.10.jar;D:\apache-maven-3.9.8-bin\warehouse\io\micrometer\micrometer-observation\1.13.1\micrometer-observation-1.13.1.jar;D:\apache-maven-3.9.8-bin\warehouse\io\micrometer\micrometer-commons\1.13.1\micrometer-commons-1.13.1.jar;D:\apache-maven-3.9.8-bin\warehouse\org\springframework\spring-webmvc\6.1.10\spring-webmvc-6.1.10.jar;D:\apache-maven-3.9.8-bin\warehouse\org\springframework\spring-aop\6.1.10\spring-aop-6.1.10.jar;D:\apache-maven-3.9.8-bin\warehouse\org\springframework\spring-context\6.1.10\spring-context-6.1.10.jar;D:\apache-maven-3.9.8-bin\warehouse\org\springframework\spring-expression\6.1.10\spring-expression-6.1.10.jar;D:\apache-maven-3.9.8-bin\warehouse\com\mysql\mysql-connector-j\8.3.0\mysql-connector-j-8.3.0.jar;D:\apache-maven-3.9.8-bin\warehouse\org\springframework\boot\spring-boot-starter-test\3.3.1\spring-boot-starter-test-3.3.1.jar;D:\apache-maven-3.9.8-bin\warehouse\org\springframework\boot\spring-boot-test-autoconfigure\3.3.1\spring-boot-test-autoconfigure-3.3.1.jar;D:\apache-maven-3.9.8-bin\warehouse\com\jayway\jsonpath\json-path\2.9.0\json-path-2.9.0.jar;D:\apache-maven-3.9.8-bin\warehouse\jakarta\xml\bind\jakarta.xml.bind-api\4.0.2\jakarta.xml.bind-api-4.0.2.jar;D:\apache-maven-3.9.8-bin\warehouse\jakarta\activation\jakarta.activation-api\2.1.3\jakarta.activation-api-2.1.3.jar;D:\apache-maven-3.9.8-bin\warehouse\net\minidev\json-smart\2.5.1\json-smart-2.5.1.jar;D:\apache-maven-3.9.8-bin\warehouse\net\minidev\accessors-smart\2.5.1\accessors-smart-2.5.1.jar;D:\apache-maven-3.9.8-bin\warehouse\org\ow2\asm\asm\9.6\asm-9.6.jar;D:\apache-maven-3.9.8-bin\warehouse\org\assertj\assertj-core\3.25.3\assertj-core-3.25.3.jar;D:\apache-maven-3.9.8-bin\warehouse\net\bytebuddy\byte-buddy\1.14.17\byte-buddy-1.14.17.jar;D:\apache-maven-3.9.8-bin\warehouse\org\awaitility\awaitility\4.2.1\awaitility-4.2.1.jar;D:\apache-maven-3.9.8-bin\warehouse\org\hamcrest\hamcrest\2.2\hamcrest-2.2.jar;D:\apache-maven-3.9.8-bin\warehouse\org\junit\jupiter\junit-jupiter\5.10.2\junit-jupiter-5.10.2.jar;D:\apache-maven-3.9.8-bin\warehouse\org\junit\jupiter\junit-jupiter-api\5.10.2\junit-jupiter-api-5.10.2.jar;D:\apache-maven-3.9.8-bin\warehouse\org\opentest4j\opentest4j\1.3.0\opentest4j-1.3.0.jar;D:\apache-maven-3.9.8-bin\warehouse\org\junit\platform\junit-platform-commons\1.10.2\junit-platform-commons-1.10.2.jar;D:\apache-maven-3.9.8-bin\warehouse\org\apiguardian\apiguardian-api\1.1.2\apiguardian-api-1.1.2.jar;D:\apache-maven-3.9.8-bin\warehouse\org\junit\jupiter\junit-jupiter-params\5.10.2\junit-jupiter-params-5.10.2.jar;D:\apache-maven-3.9.8-bin\warehouse\org\junit\jupiter\junit-jupiter-engine\5.10.2\junit-jupiter-engine-5.10.2.jar;D:\apache-maven-3.9.8-bin\warehouse\org\junit\platform\junit-platform-engine\1.10.2\junit-platform-engine-1.10.2.jar;D:\apache-maven-3.9.8-bin\warehouse\org\mockito\mockito-core\5.11.0\mockito-core-5.11.0.jar;D:\apache-maven-3.9.8-bin\warehouse\net\bytebuddy\byte-buddy-agent\1.14.17\byte-buddy-agent-1.14.17.jar;D:\apache-maven-3.9.8-bin\warehouse\org\objenesis\objenesis\3.3\objenesis-3.3.jar;D:\apache-maven-3.9.8-bin\warehouse\org\mockito\mockito-junit-jupiter\5.11.0\mockito-junit-jupiter-5.11.0.jar;D:\apache-maven-3.9.8-bin\warehouse\org\skyscreamer\jsonassert\1.5.1\jsonassert-1.5.1.jar;D:\apache-maven-3.9.8-bin\warehouse\com\vaadin\external\google\android-json\0.0.20131108.vaadin1\android-json-0.0.20131108.vaadin1.jar;D:\apache-maven-3.9.8-bin\warehouse\org\springframework\spring-core\6.1.10\spring-core-6.1.10.jar;D:\apache-maven-3.9.8-bin\warehouse\org\springframework\spring-jcl\6.1.10\spring-jcl-6.1.10.jar;D:\apache-maven-3.9.8-bin\warehouse\org\springframework\spring-test\6.1.10\spring-test-6.1.10.jar;D:\apache-maven-3.9.8-bin\warehouse\org\xmlunit\xmlunit-core\2.9.1\xmlunit-core-2.9.1.jar;D:\apache-maven-3.9.8-bin\warehouse\org\springframework\boot\spring-boot-devtools\3.3.1\spring-boot-devtools-3.3.1.jar;D:\apache-maven-3.9.8-bin\warehouse\org\springframework\boot\spring-boot\3.3.1\spring-boot-3.3.1.jar;D:\apache-maven-3.9.8-bin\warehouse\org\springframework\boot\spring-boot-autoconfigure\3.3.1\spring-boot-autoconfigure-3.3.1.jar;D:\apache-maven-3.9.8-bin\warehouse\com\baomidou\mybatis-plus-spring-boot3-starter\3.5.7\mybatis-plus-spring-boot3-starter-3.5.7.jar;D:\apache-maven-3.9.8-bin\warehouse\com\baomidou\mybatis-plus\3.5.7\mybatis-plus-3.5.7.jar;D:\apache-maven-3.9.8-bin\warehouse\com\baomidou\mybatis-plus-core\3.5.7\mybatis-plus-core-3.5.7.jar;D:\apache-maven-3.9.8-bin\warehouse\com\baomidou\mybatis-plus-annotation\3.5.7\mybatis-plus-annotation-3.5.7.jar;D:\apache-maven-3.9.8-bin\warehouse\com\baomidou\mybatis-plus-extension\3.5.7\mybatis-plus-extension-3.5.7.jar;D:\apache-maven-3.9.8-bin\warehouse\org\mybatis\mybatis\3.5.16\mybatis-3.5.16.jar;D:\apache-maven-3.9.8-bin\warehouse\com\github\jsqlparser\jsqlparser\4.9\jsqlparser-4.9.jar;D:\apache-maven-3.9.8-bin\warehouse\org\mybatis\mybatis-spring\3.0.3\mybatis-spring-3.0.3.jar;D:\apache-maven-3.9.8-bin\warehouse\com\baomidou\mybatis-plus-spring-boot-autoconfigure\3.5.7\mybatis-plus-spring-boot-autoconfigure-3.5.7.jar;D:\apache-maven-3.9.8-bin\warehouse\org\springframework\boot\spring-boot-starter-jdbc\3.3.1\spring-boot-starter-jdbc-3.3.1.jar;D:\apache-maven-3.9.8-bin\warehouse\com\zaxxer\HikariCP\5.1.0\HikariCP-5.1.0.jar;D:\apache-maven-3.9.8-bin\warehouse\org\springframework\spring-jdbc\6.1.10\spring-jdbc-6.1.10.jar;D:\apache-maven-3.9.8-bin\warehouse\com\github\jeffreyning\mybatisplus-plus\1.5.1-RELEASE\mybatisplus-plus-1.5.1-RELEASE.jar;D:\apache-maven-3.9.8-bin\warehouse\com\alibaba\druid-spring-boot-starter\1.1.20\druid-spring-boot-starter-1.1.20.jar;D:\apache-maven-3.9.8-bin\warehouse\com\alibaba\druid\1.1.20\druid-1.1.20.jar;D:\apache-maven-3.9.8-bin\warehouse\org\slf4j\slf4j-api\2.0.13\slf4j-api-2.0.13.jar;D:\apache-maven-3.9.8-bin\warehouse\org\mindrot\jbcrypt\0.4\jbcrypt-0.4.jar;D:\apache-maven-3.9.8-bin\warehouse\commons-codec\commons-codec\1.15\commons-codec-1.15.jar;D:\apache-maven-3.9.8-bin\warehouse\org\projectlombok\lombok\1.18.20\lombok-1.18.20.jar;D:\apache-maven-3.9.8-bin\warehouse\com\google\code\gson\gson\2.8.8\gson-2.8.8.jar;D:\apache-maven-3.9.8-bin\warehouse\com\auth0\java-jwt\4.4.0\java-jwt-4.4.0.jar;D:\apache-maven-3.9.8-bin\warehouse\com\fasterxml\jackson\core\jackson-databind\2.17.1\jackson-databind-2.17.1.jar;D:\apache-maven-3.9.8-bin\warehouse\com\fasterxml\jackson\core\jackson-annotations\2.17.1\jackson-annotations-2.17.1.jar;D:\apache-maven-3.9.8-bin\warehouse\com\fasterxml\jackson\core\jackson-core\2.17.1\jackson-core-2.17.1.jar;D:\apache-maven-3.9.8-bin\warehouse\junit\junit\4.13.2\junit-4.13.2.jar;D:\apache-maven-3.9.8-bin\warehouse\org\hamcrest\hamcrest-core\2.2\hamcrest-core-2.2.jar;D:\apache-maven-3.9.8-bin\warehouse\org\springframework\boot\spring-boot-starter-data-redis\3.3.1\spring-boot-starter-data-redis-3.3.1.jar;D:\apache-maven-3.9.8-bin\warehouse\io\lettuce\lettuce-core\6.3.2.RELEASE\lettuce-core-6.3.2.RELEASE.jar;D:\apache-maven-3.9.8-bin\warehouse\io\netty\netty-common\4.1.111.Final\netty-common-4.1.111.Final.jar;D:\apache-maven-3.9.8-bin\warehouse\io\netty\netty-handler\4.1.111.Final\netty-handler-4.1.111.Final.jar;D:\apache-maven-3.9.8-bin\warehouse\io\netty\netty-resolver\4.1.111.Final\netty-resolver-4.1.111.Final.jar;D:\apache-maven-3.9.8-bin\warehouse\io\netty\netty-buffer\4.1.111.Final\netty-buffer-4.1.111.Final.jar;D:\apache-maven-3.9.8-bin\warehouse\io\netty\netty-transport-native-unix-common\4.1.111.Final\netty-transport-native-unix-common-4.1.111.Final.jar;D:\apache-maven-3.9.8-bin\warehouse\io\netty\netty-codec\4.1.111.Final\netty-codec-4.1.111.Final.jar;D:\apache-maven-3.9.8-bin\warehouse\io\netty\netty-transport\4.1.111.Final\netty-transport-4.1.111.Final.jar;D:\apache-maven-3.9.8-bin\warehouse\io\projectreactor\reactor-core\3.6.7\reactor-core-3.6.7.jar;D:\apache-maven-3.9.8-bin\warehouse\org\reactivestreams\reactive-streams\1.0.4\reactive-streams-1.0.4.jar;D:\apache-maven-3.9.8-bin\warehouse\org\springframework\data\spring-data-redis\3.3.1\spring-data-redis-3.3.1.jar;D:\apache-maven-3.9.8-bin\warehouse\org\springframework\data\spring-data-keyvalue\3.3.1\spring-data-keyvalue-3.3.1.jar;D:\apache-maven-3.9.8-bin\warehouse\org\springframework\data\spring-data-commons\3.3.1\spring-data-commons-3.3.1.jar;D:\apache-maven-3.9.8-bin\warehouse\org\springframework\spring-tx\6.1.10\spring-tx-6.1.10.jar;D:\apache-maven-3.9.8-bin\warehouse\org\springframework\spring-oxm\6.1.10\spring-oxm-6.1.10.jar;D:\apache-maven-3.9.8-bin\warehouse\org\springframework\spring-context-support\6.1.10\spring-context-support-6.1.10.jar;D:\apache-maven-3.9.8-bin\warehouse\org\testng\testng\7.10.2\testng-7.10.2.jar;D:\apache-maven-3.9.8-bin\warehouse\com\beust\jcommander\1.82\jcommander-1.82.jar;D:\apache-maven-3.9.8-bin\warehouse\org\webjars\jquery\3.7.1\jquery-3.7.1.jar;D:\apache-maven-3.9.8-bin\warehouse\org\springframework\boot\spring-boot-test\3.3.1\spring-boot-test-3.3.1.jar;"/>
    <property name="sun.cpu.endian" value="little"/>
    <property name="user.home" value="C:\Users\战66"/>
    <property name="user.language" value="zh"/>
    <property name="java.specification.vendor" value="Oracle Corporation"/>
    <property name="java.version.date" value="2022-10-18"/>
    <property name="java.home" value="E:\JDK"/>
    <property name="file.separator" value="\"/>
    <property name="basedir" value="F:\java web_summer\boot-demo"/>
    <property name="java.vm.compressedOopsMode" value="Zero based"/>
    <property name="line.separator" value="&#10;"/>
    <property name="java.vm.specification.vendor" value="Oracle Corporation"/>
    <property name="java.specification.name" value="Java Platform API Specification"/>
    <property name="FILE_LOG_CHARSET" value="UTF-8"/>
    <property name="java.awt.headless" value="true"/>
    <property name="surefire.real.class.path" value="C:\Users\战66\AppData\Local\Temp\surefire9068995773714232342\surefirebooter-20240725082526550_3.jar"/>
    <property name="user.script" value=""/>
    <property name="sun.management.compiler" value="HotSpot 64-Bit Tiered Compilers"/>
    <property name="java.runtime.version" value="19.0.1+10-21"/>
    <property name="user.name" value="战66"/>
    <property name="stdout.encoding" value="GBK"/>
    <property name="path.separator" value=";"/>
    <property name="os.version" value="10.0"/>
    <property name="java.runtime.name" value="Java(TM) SE Runtime Environment"/>
    <property name="file.encoding" value="UTF-8"/>
    <property name="java.vm.name" value="Java HotSpot(TM) 64-Bit Server VM"/>
    <property name="localRepository" value="D:\apache-maven-3.9.8-bin\warehouse"/>
    <property name="java.vendor.url.bug" value="https://bugreport.java.com/bugreport/"/>
    <property name="java.io.tmpdir" value="C:\Users\战66\AppData\Local\Temp\"/>
    <property name="idea.version" value="2024.1.4"/>
    <property name="java.version" value="19.0.1"/>
    <property name="user.dir" value="F:\java web_summer\boot-demo"/>
    <property name="os.arch" value="amd64"/>
    <property name="java.vm.specification.name" value="Java Virtual Machine Specification"/>
    <property name="PID" value="25136"/>
    <property name="sun.os.patch.level" value=""/>
    <property name="CONSOLE_LOG_CHARSET" value="UTF-8"/>
    <property name="native.encoding" value="GBK"/>
    <property name="java.library.path" value="E:\JDK\bin;C:\WINDOWS\Sun\Java\bin;C:\WINDOWS\system32;C:\WINDOWS;E:\Scripts\;E:\;E:\JDK\bin;C:\Program Files\Common Files\Oracle\Java\javapath;C:\WINDOWS\system32;C:\WINDOWS;C:\WINDOWS\System32\Wbem;C:\WINDOWS\System32\WindowsPowerShell\v1.0\;C:\WINDOWS\System32\OpenSSH\;D:\Bin\QQScLauncher.exe;D:\XShell\;D:\Xftp\;D:\Git\cmd;C:\mingw64\bin;D:\Xmanager\;C:\Program Files (x86)\Windows Kits\10\Windows Performance Toolkit\;C:\Program Files\Docker\Docker\resources\bin;%JAVA_HOME%\bin;C:\Users\战66\AppData\Local\Programs\Python\Python36\Scripts\;C:\Users\战66\AppData\Local\Programs\Python\Python36\;%USERPROFILE%\AppData\Local\Microsoft\WindowsApps;E:\Microsoft VS Code\bin;%PyCharm Community Edition%;%CLion%;C:\mingw64\bin;D:\vc++6.0\Microsoft Visual Studio\VC98\Bin;C:\Program Files (x86)\Tencent\QQGameTempest\Hall.58183\;."/>
    <property name="java.vm.info" value="mixed mode, sharing"/>
    <property name="stderr.encoding" value="GBK"/>
    <property name="java.vendor" value="Oracle Corporation"/>
    <property name="java.vm.version" value="19.0.1+10-21"/>
    <property name="sun.io.unicode.encoding" value="UnicodeLittle"/>
    <property name="maven.repo.local" value="D:\apache-maven-3.9.8-bin\warehouse"/>
    <property name="java.class.version" value="63.0"/>
    <property name="LOGGED_APPLICATION_NAME" value="[boot-demo] "/>
  </properties>
  <testcase name="contextLoads" classname="com.example.boot_demo.BootDemoApplicationTests" time="0.694">
    <system-out><![CDATA[08:25:27.489 [main] INFO org.springframework.test.context.support.AnnotationConfigContextLoaderUtils -- Could not detect default configuration classes for test class [com.example.boot_demo.BootDemoApplicationTests]: BootDemoApplicationTests does not declare any static, non-private, non-final, nested classes annotated with @Configuration.
08:25:27.645 [main] INFO org.springframework.boot.test.context.SpringBootTestContextBootstrapper -- Found @SpringBootConfiguration com.example.boot_demo.BootDemoApplication for test class com.example.boot_demo.BootDemoApplicationTests
08:25:27.911 [main] INFO org.springframework.boot.devtools.restart.RestartApplicationListener -- Restart disabled due to context in which it is running

  .   ____          _            __ _ _
 /\\ / ___'_ __ _ _(_)_ __  __ _ \ \ \ \
( ( )\___ | '_ | '_| | '_ \/ _` | \ \ \ \
 \\/  ___)| |_)| | | | | || (_| |  ) ) ) )
  '  |____| .__|_| |_|_| |_\__, | / / / /
 =========|_|==============|___/=/_/_/_/

 :: Spring Boot ::                (v3.3.1)

2024-07-25T08:25:28.177+08:00  INFO 25136 --- [boot-demo] [           main] c.e.boot_demo.BootDemoApplicationTests   : Starting BootDemoApplicationTests using Java 19.0.1 with PID 25136 (started by 战66 in F:\java web_summer\boot-demo)
2024-07-25T08:25:28.177+08:00  INFO 25136 --- [boot-demo] [           main] c.e.boot_demo.BootDemoApplicationTests   : No active profile set, falling back to 1 default profile: "default"
2024-07-25T08:25:29.061+08:00  INFO 25136 --- [boot-demo] [           main] .s.d.r.c.RepositoryConfigurationDelegate : Multiple Spring Data modules found, entering strict repository configuration mode
2024-07-25T08:25:29.077+08:00  INFO 25136 --- [boot-demo] [           main] .s.d.r.c.RepositoryConfigurationDelegate : Bootstrapping Spring Data Redis repositories in DEFAULT mode.
2024-07-25T08:25:29.109+08:00  INFO 25136 --- [boot-demo] [           main] .s.d.r.c.RepositoryConfigurationDelegate : Finished Spring Data repository scanning in 21 ms. Found 0 Redis repository interfaces.
Logging initialized using 'class org.apache.ibatis.logging.stdout.StdOutImpl' adapter.
Get /172.20.144.1 network interface 
Get network interface info: name:eth32 (Hyper-V Virtual Ethernet Adapter)
Initialization Sequence datacenterId:8 workerId:25
 _ _   |_  _ _|_. ___ _ |    _ 
| | |\/|_)(_| | |_\  |_)||_|_\ 
     /               |         
                        3.5.7 
Can not find table primary key in Class: "com.example.boot_demo.entity.Ticketrecord".
2024-07-25T08:25:30.649+08:00  WARN 25136 --- [boot-demo] [           main] c.b.m.core.injector.DefaultSqlInjector   : class com.example.boot_demo.entity.Ticketrecord ,Not found @TableId annotation, Cannot use Mybatis-Plus 'xxById' Method.
This primary key of "id" is primitive !不建议如此请使用包装类 in Class: "com.example.boot_demo.entity.User"
This primary key of "fId" is primitive !不建议如此请使用包装类 in Class: "com.example.boot_demo.entity.Flight"
This primary key of "id" is primitive !不建议如此请使用包装类 in Class: "com.example.boot_demo.entity.Admin"
2024-07-25T08:25:31.783+08:00  INFO 25136 --- [boot-demo] [           main] c.e.boot_demo.BootDemoApplicationTests   : Started BootDemoApplicationTests in 3.903 seconds (process running for 5.134)
]]></system-out>
  </testcase>
</testsuite>